I, [2019-12-27T18:15:32.897265 #24095]  INFO -- : reload config : /home/confidence/.config/fusuma/config.yml
I, [2019-12-27T18:15:32.897315 #24095]  INFO -- : ---------------------------------------------
I, [2019-12-27T18:15:32.897329 #24095]  INFO -- : Fusuma: 1.3.0
I, [2019-12-27T18:15:32.899075 #24095]  INFO -- : libinput: 1.10.4
I, [2019-12-27T18:15:32.899769 #24095]  INFO -- : OS: Linux 5.0.0-37-generic #40~18.04.1-Ubuntu SMP Thu Nov 14 12:06:39 UTC 2019
I, [2019-12-27T18:15:32.900442 #24095]  INFO -- : Distribution: Ubuntu 18.04.3 LTS \n \l
I, [2019-12-27T18:15:32.901124 #24095]  INFO -- : Desktop session: ubuntu
I, [2019-12-27T18:15:32.901147 #24095]  INFO -- : ---------------------------------------------
I, [2019-12-27T18:15:32.901158 #24095]  INFO -- : ---------------------------------------------
I, [2019-12-27T18:15:32.901166 #24095]  INFO -- : Enabled Plugins: 
I, [2019-12-27T18:15:32.901206 #24095]  INFO -- :   Fusuma::Plugin::Buffers::GestureBuffer
I, [2019-12-27T18:15:32.901217 #24095]  INFO -- :   Fusuma::Plugin::Detectors::PinchDetector
I, [2019-12-27T18:15:32.901225 #24095]  INFO -- :   Fusuma::Plugin::Detectors::RotateDetector
I, [2019-12-27T18:15:32.901232 #24095]  INFO -- :   Fusuma::Plugin::Detectors::SwipeDetector
I, [2019-12-27T18:15:32.901240 #24095]  INFO -- :   Fusuma::Plugin::Events::Records::GestureRecord
I, [2019-12-27T18:15:32.901247 #24095]  INFO -- :   Fusuma::Plugin::Events::Records::IndexRecord
I, [2019-12-27T18:15:32.901254 #24095]  INFO -- :   Fusuma::Plugin::Events::Records::TextRecord
I, [2019-12-27T18:15:32.901262 #24095]  INFO -- :   Fusuma::Plugin::Executors::CommandExecutor
I, [2019-12-27T18:15:32.901269 #24095]  INFO -- :   Fusuma::Plugin::Filters::LibinputDeviceFilter
I, [2019-12-27T18:15:32.901276 #24095]  INFO -- :   Fusuma::Plugin::Inputs::LibinputCommandInput
I, [2019-12-27T18:15:32.901288 #24095]  INFO -- :   Fusuma::Plugin::Parsers::LibinputGestureParser
I, [2019-12-27T18:15:32.901296 #24095]  INFO -- : ---------------------------------------------
I, [2019-12-27T18:15:36.086845 #24095]  INFO -- : {:type=>"swipe", :quantity=>27.34, :quantity_threshold=>10}
I, [2019-12-27T18:15:36.087112 #24095]  INFO -- : {:command=>"workspace-switcher Down"}
I, [2019-12-27T18:15:36.671588 #24095]  INFO -- : {:type=>"swipe", :quantity=>45.1, :quantity_threshold=>10}
I, [2019-12-27T18:15:36.672102 #24095]  INFO -- : {:command=>"workspace-switcher Up"}
I, [2019-12-27T18:15:37.218257 #24095]  INFO -- : {:type=>"swipe", :quantity=>35.08, :quantity_threshold=>10}
I, [2019-12-27T18:15:37.218761 #24095]  INFO -- : {:command=>"xdotool key super"}
I, [2019-12-27T18:15:37.838565 #24095]  INFO -- : {:type=>"swipe", :quantity=>31.55, :quantity_threshold=>10}
I, [2019-12-27T18:15:37.838902 #24095]  INFO -- : {:command=>"xdotool key super"}
